Using pre-set license
Built from '6000.0/staging' branch; Version is '6000.0.32f1 (b2e806cf271c) revision 11724806'; Using compiler version '193933523'; Build Type 'Release'
OS: 'Windows 11  (10.0.26100) 64bit Core' Language: 'en' Physical Memory: 32045 MB
BatchMode: 1, IsHumanControllingUs: 0, StartBugReporterOnCrash: 0, Is64bit: 1, IsPro: 1

COMMAND LINE ARGUMENTS:
C:\Program Files\Unity\Hub\Editor\6000.0.32f1\Editor\Unity.exe
-adb2
-batchMode
-noUpm
-name
AssetImportWorker4
-projectPath
C:/Users/huang/Documents/GitHub/2DCrashCourse
-logFile
Logs/AssetImportWorker4.log
-srvPort
51090
-job-worker-count
7
-background-job-worker-count
8
-gc-helper-count
1
Successfully changed project path to: C:/Users/huang/Documents/GitHub/2DCrashCourse
C:/Users/huang/Documents/GitHub/2DCrashCourse
[UnityMemory] Configuration Parameters - Can be set up in boot.config
    "memorysetup-bucket-allocator-granularity=16"
    "memorysetup-bucket-allocator-bucket-count=8"
    "memorysetup-bucket-allocator-block-size=33554432"
    "memorysetup-bucket-allocator-block-count=8"
    "memorysetup-main-allocator-block-size=16777216"
    "memorysetup-thread-allocator-block-size=16777216"
    "memorysetup-gfx-main-allocator-block-size=16777216"
    "memorysetup-gfx-thread-allocator-block-size=16777216"
    "memorysetup-cache-allocator-block-size=4194304"
    "memorysetup-typetree-allocator-block-size=2097152"
    "memorysetup-profiler-bucket-allocator-granularity=16"
    "memorysetup-profiler-bucket-allocator-bucket-count=8"
    "memorysetup-profiler-bucket-allocator-block-size=33554432"
    "memorysetup-profiler-bucket-allocator-block-count=8"
    "memorysetup-profiler-allocator-block-size=16777216"
    "memorysetup-profiler-editor-allocator-block-size=1048576"
    "memorysetup-temp-allocator-size-main=16777216"
    "memorysetup-job-temp-allocator-block-size=2097152"
    "memorysetup-job-temp-allocator-block-size-background=1048576"
    "memorysetup-job-temp-allocator-reduction-small-platforms=262144"
    "memorysetup-allocator-temp-initial-block-size-main=262144"
    "memorysetup-allocator-temp-initial-block-size-worker=262144"
    "memorysetup-temp-allocator-size-background-worker=32768"
    "memorysetup-temp-allocator-size-job-worker=262144"
    "memorysetup-temp-allocator-size-preload-manager=33554432"
    "memorysetup-temp-allocator-size-nav-mesh-worker=65536"
    "memorysetup-temp-allocator-size-audio-worker=65536"
    "memorysetup-temp-allocator-size-cloud-worker=32768"
    "memorysetup-temp-allocator-size-gi-baking-worker=262144"
    "memorysetup-temp-allocator-size-gi-baking-worker=262144"
    "memorysetup-temp-allocator-size-gi-baking-worker=262144"
    "memorysetup-temp-allocator-size-gi-baking-worker=262144"
    "memorysetup-temp-allocator-size-gi-baking-worker=262144"
    "memorysetup-temp-allocator-size-gfx=262144"
Player connection [29280]  Target information:

Player connection [29280]  * "[IP] 10.203.252.239 [Port] 0 [Flags] 2 [Guid] 3043197900 [EditorId] 3043197900 [Version] 1048832 [Id] WindowsEditor(7,SAMUEL_LAPTOP) [Debug] 1 [PackageName] WindowsEditor [ProjectName] Editor" 

Player connection [29280] Host joined multi-casting on [225.0.0.222:54997]...
Player connection [29280] Host joined alternative multi-casting on [225.0.0.222:34997]...
JobSystem: Creating JobQueue using job-worker-count value 7
[Physics::Module] Initialized fallback backend.
[Physics::Module] Id: 0xdecafbad
Library Redirect Path: Library/
[Physics::Module] Selected backend.
[Physics::Module] Name: PhysX
[Physics::Module] Id: 0xf2b8ea05
[Physics::Module] SDK Version: 4.1.2
[Physics::Module] Integration Version: 1.0.0
[Physics::Module] Threading Mode: Multi-Threaded
Refreshing native plugins compatible for Editor in 4.85 ms, found 4 plugins.
Preloading 0 native plugins for Editor in 0.00 ms.
Initialize engine version: 6000.0.32f1 (b2e806cf271c)
[Subsystems] Discovering subsystems at path C:/Program Files/Unity/Hub/Editor/6000.0.32f1/Editor/Data/Resources/UnitySubsystems
[Subsystems] Discovering subsystems at path C:/Users/huang/Documents/GitHub/2DCrashCourse/Assets
GfxDevice: creating device client; kGfxThreadingModeNonThreaded
Direct3D:
    Version:  Direct3D 11.0 [level 11.1]
    Renderer: NVIDIA GeForce RTX 4070 Laptop GPU (ID=0x2860)
    Vendor:   NVIDIA
    VRAM:     7948 MB
    Driver:   32.0.15.6607
Initialize mono
Mono path[0] = 'C:/Program Files/Unity/Hub/Editor/6000.0.32f1/Editor/Data/Managed'
Mono path[1] = 'C:/Program Files/Unity/Hub/Editor/6000.0.32f1/Editor/Data/MonoBleedingEdge/lib/mono/unityjit-win32'
Mono config path = 'C:/Program Files/Unity/Hub/Editor/6000.0.32f1/Editor/Data/MonoBleedingEdge/etc'
Using monoOptions --debugger-agent=transport=dt_socket,embedding=1,server=y,suspend=n,address=127.0.0.1:56196
Begin MonoManager ReloadAssembly
Registering precompiled unity dll's ...
Register platform support module: C:/Program Files/Unity/Hub/Editor/6000.0.32f1/Editor/Data/PlaybackEngines/MacStandaloneSupport/UnityEditor.OSXStandalone.Extensions.dll
Register platform support module: C:/Program Files/Unity/Hub/Editor/6000.0.32f1/Editor/Data/PlaybackEngines/WindowsStandaloneSupport/UnityEditor.WindowsStandalone.Extensions.dll
Register platform support module: C:/Program Files/Unity/Hub/Editor/6000.0.32f1/Editor/Data/PlaybackEngines/LinuxStandaloneSupport/UnityEditor.LinuxStandalone.Extensions.dll
Registered in 0.009400 seconds.
- Loaded All Assemblies, in  0.646 seconds
Native extension for LinuxStandalone target not found
Native extension for WindowsStandalone target not found
Native extension for OSXStandalone target not found
Mono: successfully reloaded assembly
- Finished resetting the current domain, in  0.527 seconds
Domain Reload Profiling: 1168ms
	BeginReloadAssembly (199ms)
		ExecutionOrderSort (0ms)
		DisableScriptedObjects (0ms)
		BackupInstance (0ms)
		ReleaseScriptingObjects (0ms)
		CreateAndSetChildDomain (1ms)
	RebuildCommonClasses (57ms)
	RebuildNativeTypeToScriptingClass (18ms)
	initialDomainReloadingComplete (83ms)
	LoadAllAssembliesAndSetupDomain (283ms)
		LoadAssemblies (195ms)
		RebuildTransferFunctionScriptingTraits (0ms)
		AnalyzeDomain (277ms)
			TypeCache.Refresh (275ms)
				TypeCache.ScanAssembly (254ms)
			BuildScriptInfoCaches (0ms)
			ResolveRequiredComponents (1ms)
	FinalizeReload (527ms)
		ReleaseScriptCaches (0ms)
		RebuildScriptCaches (0ms)
		SetupLoadedEditorAssemblies (451ms)
			LogAssemblyErrors (0ms)
			InitializePlatformSupportModulesInManaged (77ms)
			SetLoadedEditorAssemblies (7ms)
			BeforeProcessingInitializeOnLoad (74ms)
			ProcessInitializeOnLoadAttributes (202ms)
			ProcessInitializeOnLoadMethodAttributes (92ms)
			AfterProcessingInitializeOnLoad (0ms)
			EditorAssembliesLoaded (0ms)
		ExecutionOrderSort2 (0ms)
		AwakeInstancesAfterBackupRestoration (0ms)
Assembly reference Packages/com.unity.cinemachine/Editor/Samples/ExposeHDRPInternals/HDRP-Editor-ref.asmref has no target assembly definition
========================================================================
Worker process is ready to serve import requests
Import Worker Mode flag is 0x00
Assembly reference Packages/com.unity.cinemachine/Editor/Samples/ExposeHDRPInternals/HDRP-Editor-ref.asmref has no target assembly definition
Assembly reference Packages/com.unity.cinemachine/Editor/Samples/ExposeHDRPInternals/HDRP-Editor-ref.asmref has no target assembly definition
Begin MonoManager ReloadAssembly
- Loaded All Assemblies, in  1.535 seconds
Assembly reference Packages/com.unity.cinemachine/Editor/Samples/ExposeHDRPInternals/HDRP-Editor-ref.asmref has no target assembly definition
'Packages/com.unity.cinemachine/Editor/Obsolete/CinemachineVirtualCameraBaseEditor.cs' contains partial class of Unity.Object, exactly 1 of the partial classes needs to be in a file with the same filename. This is to know the one that can be referenced from ie. GameObjects
'Packages/com.unity.cinemachine/Editor/Editors/CinemachineVirtualCameraBaseEditor.cs' contains partial class of Unity.Object, exactly 1 of the partial classes needs to be in a file with the same filename. This is to know the one that can be referenced from ie. GameObjects
Refreshing native plugins compatible for Editor in 4.64 ms, found 4 plugins.
Native extension for LinuxStandalone target not found
Native extension for WindowsStandalone target not found
Native extension for OSXStandalone target not found
Assembly reference Packages/com.unity.cinemachine/Editor/Samples/ExposeHDRPInternals/HDRP-Editor-ref.asmref has no target assembly definition
Package Manager log level set to [2]
[Package Manager] Failed to launch server process. Reason: Unity was launched with the -noUpm command-line argument
[Package Manager] Unable to send message (not connected to server process).
[Package Manager] Cannot connect to Unity Package Manager local server
Mono: successfully reloaded assembly
- Finished resetting the current domain, in  1.688 seconds
Domain Reload Profiling: 3212ms
	BeginReloadAssembly (283ms)
		ExecutionOrderSort (0ms)
		DisableScriptedObjects (10ms)
		BackupInstance (0ms)
		ReleaseScriptingObjects (0ms)
		CreateAndSetChildDomain (46ms)
	RebuildCommonClasses (58ms)
	RebuildNativeTypeToScriptingClass (19ms)
	initialDomainReloadingComplete (69ms)
	LoadAllAssembliesAndSetupDomain (1094ms)
		LoadAssemblies (693ms)
		RebuildTransferFunctionScriptingTraits (0ms)
		AnalyzeDomain (582ms)
			TypeCache.Refresh (389ms)
				TypeCache.ScanAssembly (360ms)
			BuildScriptInfoCaches (164ms)
			ResolveRequiredComponents (24ms)
	FinalizeReload (1689ms)
		ReleaseScriptCaches (0ms)
		RebuildScriptCaches (0ms)
		SetupLoadedEditorAssemblies (1372ms)
			LogAssemblyErrors (0ms)
			InitializePlatformSupportModulesInManaged (11ms)
			SetLoadedEditorAssemblies (11ms)
			BeforeProcessingInitializeOnLoad (254ms)
			ProcessInitializeOnLoadAttributes (859ms)
			ProcessInitializeOnLoadMethodAttributes (226ms)
			AfterProcessingInitializeOnLoad (11ms)
			EditorAssembliesLoaded (1ms)
		ExecutionOrderSort2 (0ms)
		AwakeInstancesAfterBackupRestoration (15ms)
Launched and connected shader compiler UnityShaderCompiler.exe after 0.03 seconds
Refreshing native plugins compatible for Editor in 4.36 ms, found 4 plugins.
Preloading 0 native plugins for Editor in 0.00 ms.
Unloading 207 Unused Serialized files (Serialized files now loaded: 0)
Unloading 6949 unused Assets / (4.4 MB). Loaded Objects now: 7627.
Memory consumption went from 178.0 MB to 173.5 MB.
Total: 14.385800 ms (FindLiveObjects: 0.924800 ms CreateObjectMapping: 0.624600 ms MarkObjects: 8.343500 ms  DeleteObjects: 4.490400 ms)

========================================================================
Received Import Request.
  Time since last request: 202001.484740 seconds.
  path: Assets/Art/FreeKnight/PromoAnimated2x.gif
  artifactKey: Guid(65f81b01cea037847b02e736f3911a3c) Importer(815301076,1909f56bfc062723c751e8b465ee728b)
Start importing Assets/Art/FreeKnight/PromoAnimated2x.gif using Guid(65f81b01cea037847b02e736f3911a3c) Importer(815301076,1909f56bfc062723c751e8b465ee728b) (PreviewImporter) -> (artifact id: 'ca1aeff312349a968f9dd34193d374dd') in 0.1150222 seconds
Number of updated asset objects reloaded before import = 0Number of asset objects unloaded after import = 2

========================================================================
Received Import Request.
  Time since last request: 0.000031 seconds.
  path: Assets/Art/Adventurer/Individual Sprites/adventurer-ladder-climb-01.png
  artifactKey: Guid(22ce3083cfe08c5439406176e511b592) Importer(815301076,1909f56bfc062723c751e8b465ee728b)
Start importing Assets/Art/Adventurer/Individual Sprites/adventurer-ladder-climb-01.png using Guid(22ce3083cfe08c5439406176e511b592) Importer(815301076,1909f56bfc062723c751e8b465ee728b) (PreviewImporter) -> (artifact id: '2574914b6bdcd287d8045ef73ab78eb7') in 0.0936159 seconds
Number of updated asset objects reloaded before import = 0Number of asset objects unloaded after import = 3

========================================================================
Received Import Request.
  Time since last request: 0.000040 seconds.
  path: Assets/Art/Adventurer/Individual Sprites/adventurer-jump-02.png
  artifactKey: Guid(fd8955626e29eaf43997e5142ad9da96) Importer(815301076,1909f56bfc062723c751e8b465ee728b)
Start importing Assets/Art/Adventurer/Individual Sprites/adventurer-jump-02.png using Guid(fd8955626e29eaf43997e5142ad9da96) Importer(815301076,1909f56bfc062723c751e8b465ee728b) (PreviewImporter) -> (artifact id: '2cc54fb360eaf7f51bc1c9409b83a540') in 0.0293457 seconds
Number of updated asset objects reloaded before import = 0Number of asset objects unloaded after import = 3

========================================================================
Received Import Request.
  Time since last request: 0.000035 seconds.
  path: Assets/Art/Adventurer/Individual Sprites/adventurer-air-attack3-loop-01.png
  artifactKey: Guid(a0975c6165ec9264280243f8f5b19f29) Importer(815301076,1909f56bfc062723c751e8b465ee728b)
Start importing Assets/Art/Adventurer/Individual Sprites/adventurer-air-attack3-loop-01.png using Guid(a0975c6165ec9264280243f8f5b19f29) Importer(815301076,1909f56bfc062723c751e8b465ee728b) (PreviewImporter) -> (artifact id: '1bad7c13f74bedc7dc7548d679b74845') in 0.0300164 seconds
Number of updated asset objects reloaded before import = 0Number of asset objects unloaded after import = 3

========================================================================
Received Import Request.
  Time since last request: 0.000025 seconds.
  path: Assets/Art/Adventurer/Individual Sprites/adventurer-run-05.png
  artifactKey: Guid(535763cda4d04e246a336441ca51c404) Importer(815301076,1909f56bfc062723c751e8b465ee728b)
Start importing Assets/Art/Adventurer/Individual Sprites/adventurer-run-05.png using Guid(535763cda4d04e246a336441ca51c404) Importer(815301076,1909f56bfc062723c751e8b465ee728b) (PreviewImporter) -> (artifact id: '61a5cc9f68f79ba503e2355c15fd6495') in 0.0280368 seconds
Number of updated asset objects reloaded before import = 0Number of asset objects unloaded after import = 3

========================================================================
Received Import Request.
  Time since last request: 0.000020 seconds.
  path: Assets/Art/Adventurer/Individual Sprites/adventurer-punch-11.png
  artifactKey: Guid(f0c23507315d76348bfa2531dd75ac06) Importer(815301076,1909f56bfc062723c751e8b465ee728b)
Start importing Assets/Art/Adventurer/Individual Sprites/adventurer-punch-11.png using Guid(f0c23507315d76348bfa2531dd75ac06) Importer(815301076,1909f56bfc062723c751e8b465ee728b) (PreviewImporter) -> (artifact id: '4512f9135b4cb4e17e0bc27a3c575cc6') in 0.0321601 seconds
Number of updated asset objects reloaded before import = 0Number of asset objects unloaded after import = 3

========================================================================
Received Import Request.
  Time since last request: 0.000027 seconds.
  path: Assets/Art/Adventurer/Individual Sprites/adventurer-knock-dwn-00.png
  artifactKey: Guid(975a3617ee9249047b52a6a0a2e8dbee) Importer(815301076,1909f56bfc062723c751e8b465ee728b)
Start importing Assets/Art/Adventurer/Individual Sprites/adventurer-knock-dwn-00.png using Guid(975a3617ee9249047b52a6a0a2e8dbee) Importer(815301076,1909f56bfc062723c751e8b465ee728b) (PreviewImporter) -> (artifact id: 'bcd02baffecc64f4f93d53c9fc7f7611') in 0.0255423 seconds
Number of updated asset objects reloaded before import = 0Number of asset objects unloaded after import = 3

========================================================================
Received Import Request.
  Time since last request: 0.000038 seconds.
  path: Assets/Art/Adventurer/Individual Sprites/adventurer-run-01.png
  artifactKey: Guid(e280045cac5fdb24f82fea2c1d00555e) Importer(815301076,1909f56bfc062723c751e8b465ee728b)
Start importing Assets/Art/Adventurer/Individual Sprites/adventurer-run-01.png using Guid(e280045cac5fdb24f82fea2c1d00555e) Importer(815301076,1909f56bfc062723c751e8b465ee728b) (PreviewImporter) -> (artifact id: 'e9d377118b6d6fb6550409871ba1ca46') in 0.0251854 seconds
Number of updated asset objects reloaded before import = 0Number of asset objects unloaded after import = 3

========================================================================
Received Import Request.
  Time since last request: 0.000036 seconds.
  path: Assets/Art/Adventurer/Individual Sprites/adventurer-crouch-walk-01.png
  artifactKey: Guid(511853bf3b5c6d74ea958a60cb30447e) Importer(815301076,1909f56bfc062723c751e8b465ee728b)
Start importing Assets/Art/Adventurer/Individual Sprites/adventurer-crouch-walk-01.png using Guid(511853bf3b5c6d74ea958a60cb30447e) Importer(815301076,1909f56bfc062723c751e8b465ee728b) (PreviewImporter) -> (artifact id: '0bc3ad13ae89852b7ef0e1b33cdda8bd') in 0.0277558 seconds
Number of updated asset objects reloaded before import = 0Number of asset objects unloaded after import = 3

========================================================================
Received Import Request.
  Time since last request: 0.000031 seconds.
  path: Assets/Art/Adventurer/Individual Sprites/adventurer-idle-2-02.png
  artifactKey: Guid(b36e0a9d3b0a69c4e9a90ac30031ec10) Importer(815301076,1909f56bfc062723c751e8b465ee728b)
Start importing Assets/Art/Adventurer/Individual Sprites/adventurer-idle-2-02.png using Guid(b36e0a9d3b0a69c4e9a90ac30031ec10) Importer(815301076,1909f56bfc062723c751e8b465ee728b) (PreviewImporter) -> (artifact id: 'f87440d1c1852d50581bc8441a6844b3') in 0.0266535 seconds
Number of updated asset objects reloaded before import = 0Number of asset objects unloaded after import = 3

========================================================================
Received Import Request.
  Time since last request: 0.000048 seconds.
  path: Assets/Art/Adventurer/Individual Sprites/adventurer-air-attack2-02.png
  artifactKey: Guid(ad31a3f22f62cf3419e644eebff8974b) Importer(815301076,1909f56bfc062723c751e8b465ee728b)
Start importing Assets/Art/Adventurer/Individual Sprites/adventurer-air-attack2-02.png using Guid(ad31a3f22f62cf3419e644eebff8974b) Importer(815301076,1909f56bfc062723c751e8b465ee728b) (PreviewImporter) -> (artifact id: 'd26ba6ef7b3955665c5fd8b235c4b3bd') in 0.0151112 seconds
Number of updated asset objects reloaded before import = 0Number of asset objects unloaded after import = 3

========================================================================
Received Import Request.
  Time since last request: 0.000041 seconds.
  path: Assets/Art/Adventurer/Individual Sprites/adventurer-items-02.png
  artifactKey: Guid(e0476b5f050b4dd459d20132c6f1601d) Importer(815301076,1909f56bfc062723c751e8b465ee728b)
Start importing Assets/Art/Adventurer/Individual Sprites/adventurer-items-02.png using Guid(e0476b5f050b4dd459d20132c6f1601d) Importer(815301076,1909f56bfc062723c751e8b465ee728b) (PreviewImporter) -> (artifact id: '5c27c5f53f385fd9a6537f8bcca15467') in 0.0325977 seconds
Number of updated asset objects reloaded before import = 0Number of asset objects unloaded after import = 3

========================================================================
Received Import Request.
  Time since last request: 0.000051 seconds.
  path: Assets/Art/Adventurer/Individual Sprites/adventurer-hurt-01.png
  artifactKey: Guid(07222043da727164fb4cbbfa51e6c3dd) Importer(815301076,1909f56bfc062723c751e8b465ee728b)
Start importing Assets/Art/Adventurer/Individual Sprites/adventurer-hurt-01.png using Guid(07222043da727164fb4cbbfa51e6c3dd) Importer(815301076,1909f56bfc062723c751e8b465ee728b) (PreviewImporter) -> (artifact id: 'bac2f38cf93df588edeb8e7967427f12') in 0.0158757 seconds
Number of updated asset objects reloaded before import = 0Number of asset objects unloaded after import = 3

========================================================================
Received Import Request.
  Time since last request: 0.000029 seconds.
  path: Assets/Art/Adventurer/Individual Sprites/adventurer-cast-loop-00.png
  artifactKey: Guid(6feefb058762a00458aa264baa4ebd1a) Importer(815301076,1909f56bfc062723c751e8b465ee728b)
Start importing Assets/Art/Adventurer/Individual Sprites/adventurer-cast-loop-00.png using Guid(6feefb058762a00458aa264baa4ebd1a) Importer(815301076,1909f56bfc062723c751e8b465ee728b) (PreviewImporter) -> (artifact id: 'b45ddc70d4ffe144a121ab9da5c76d5f') in 0.0299215 seconds
Number of updated asset objects reloaded before import = 0Number of asset objects unloaded after import = 3

========================================================================
Received Import Request.
  Time since last request: 0.000037 seconds.
  path: Assets/Art/Adventurer/Individual Sprites/adventurer-knock-dwn-06.png
  artifactKey: Guid(2a4787f74b9cb4e4c81eb2c42240b69e) Importer(815301076,1909f56bfc062723c751e8b465ee728b)
Start importing Assets/Art/Adventurer/Individual Sprites/adventurer-knock-dwn-06.png using Guid(2a4787f74b9cb4e4c81eb2c42240b69e) Importer(815301076,1909f56bfc062723c751e8b465ee728b) (PreviewImporter) -> (artifact id: '8ce7e7dad4e8fd1bbeaab822335b97d4') in 0.0177219 seconds
Number of updated asset objects reloaded before import = 0Number of asset objects unloaded after import = 3

========================================================================
Received Import Request.
  Time since last request: 0.000066 seconds.
  path: Assets/Art/Adventurer/Individual Sprites/adventurer-run-00.png
  artifactKey: Guid(798c826d36b284d41aad09eea83083b9) Importer(815301076,1909f56bfc062723c751e8b465ee728b)
Start importing Assets/Art/Adventurer/Individual Sprites/adventurer-run-00.png using Guid(798c826d36b284d41aad09eea83083b9) Importer(815301076,1909f56bfc062723c751e8b465ee728b) (PreviewImporter) -> (artifact id: '163371a6034784bb273f6284634704ec') in 0.0264827 seconds
Number of updated asset objects reloaded before import = 0Number of asset objects unloaded after import = 3

========================================================================
Received Import Request.
  Time since last request: 0.000039 seconds.
  path: Assets/Art/Adventurer/Individual Sprites/adventurer-run2-05.png
  artifactKey: Guid(373db3c155c97fc4b8e925b831def7d8) Importer(815301076,1909f56bfc062723c751e8b465ee728b)
Start importing Assets/Art/Adventurer/Individual Sprites/adventurer-run2-05.png using Guid(373db3c155c97fc4b8e925b831def7d8) Importer(815301076,1909f56bfc062723c751e8b465ee728b) (PreviewImporter) -> (artifact id: 'b6f2e07d346bbd5898623663b17993b5') in 0.0321165 seconds
Number of updated asset objects reloaded before import = 0Number of asset objects unloaded after import = 3

========================================================================
Received Import Request.
  Time since last request: 0.000026 seconds.
  path: Assets/Art/Adventurer/Individual Sprites/adventurer-smrslt-03.png
  artifactKey: Guid(43c500fe6f9bdf94cb5d000a6b369248) Importer(815301076,1909f56bfc062723c751e8b465ee728b)
Start importing Assets/Art/Adventurer/Individual Sprites/adventurer-smrslt-03.png using Guid(43c500fe6f9bdf94cb5d000a6b369248) Importer(815301076,1909f56bfc062723c751e8b465ee728b) (PreviewImporter) -> (artifact id: '1c19c39d6dfe008243e6b1b500595b81') in 0.0272284 seconds
Number of updated asset objects reloaded before import = 0Number of asset objects unloaded after import = 3

========================================================================
Received Import Request.
  Time since last request: 0.000042 seconds.
  path: Assets/Art/FreeKnight/Comparison2x.png
  artifactKey: Guid(3aad681fb4bc8aa478ee08c7f54ad054) Importer(815301076,1909f56bfc062723c751e8b465ee728b)
Start importing Assets/Art/FreeKnight/Comparison2x.png using Guid(3aad681fb4bc8aa478ee08c7f54ad054) Importer(815301076,1909f56bfc062723c751e8b465ee728b) (PreviewImporter) -> (artifact id: 'cc3971d0dc621a271a8857c2a4a46d2e') in 0.0332747 seconds
Number of updated asset objects reloaded before import = 0Number of asset objects unloaded after import = 3

========================================================================
Received Import Request.
  Time since last request: 0.000051 seconds.
  path: Assets/Art/Adventurer/Individual Sprites/adventurer-drop-kick-01.png
  artifactKey: Guid(18a6fc4b4f22ba648820cead3f609ee5) Importer(815301076,1909f56bfc062723c751e8b465ee728b)
Start importing Assets/Art/Adventurer/Individual Sprites/adventurer-drop-kick-01.png using Guid(18a6fc4b4f22ba648820cead3f609ee5) Importer(815301076,1909f56bfc062723c751e8b465ee728b) (PreviewImporter) -> (artifact id: 'b1c81b8efb41b7677d3fe3b86afb9469') in 0.0297609 seconds
Number of updated asset objects reloaded before import = 0Number of asset objects unloaded after import = 3

========================================================================
Received Import Request.
  Time since last request: 0.000029 seconds.
  path: Assets/Art/Adventurer/Individual Sprites/adventurer-air-attack3-loop-00.png
  artifactKey: Guid(59d3e1a15e13fa24f97e0457dfaf6824) Importer(815301076,1909f56bfc062723c751e8b465ee728b)
Start importing Assets/Art/Adventurer/Individual Sprites/adventurer-air-attack3-loop-00.png using Guid(59d3e1a15e13fa24f97e0457dfaf6824) Importer(815301076,1909f56bfc062723c751e8b465ee728b) (PreviewImporter) -> (artifact id: 'f4f81fb70d782000796ea9fb97087c5d') in 0.0292316 seconds
Number of updated asset objects reloaded before import = 0Number of asset objects unloaded after import = 3

========================================================================
Received Import Request.
  Time since last request: 0.000022 seconds.
  path: Assets/Art/Adventurer/Individual Sprites/adventurer-air-attack1-02.png
  artifactKey: Guid(22b7633d3e27e2f469fed812cfd6bd16) Importer(815301076,1909f56bfc062723c751e8b465ee728b)
Start importing Assets/Art/Adventurer/Individual Sprites/adventurer-air-attack1-02.png using Guid(22b7633d3e27e2f469fed812cfd6bd16) Importer(815301076,1909f56bfc062723c751e8b465ee728b) (PreviewImporter) -> (artifact id: '4dfab8d805e4998277b15a3b41f26d82') in 0.0321579 seconds
Number of updated asset objects reloaded before import = 0Number of asset objects unloaded after import = 3

========================================================================
Received Import Request.
  Time since last request: 0.000032 seconds.
  path: Assets/Art/Adventurer/Individual Sprites/adventurer-die-04.png
  artifactKey: Guid(976d359f0b1281b4088a74d7a089bdb6) Importer(815301076,1909f56bfc062723c751e8b465ee728b)
Start importing Assets/Art/Adventurer/Individual Sprites/adventurer-die-04.png using Guid(976d359f0b1281b4088a74d7a089bdb6) Importer(815301076,1909f56bfc062723c751e8b465ee728b) (PreviewImporter) -> (artifact id: '505385d2eca65a2438d931236f16312a') in 0.0169307 seconds
Number of updated asset objects reloaded before import = 0Number of asset objects unloaded after import = 3

========================================================================
Received Import Request.
  Time since last request: 0.000043 seconds.
  path: Assets/Art/Adventurer/Individual Sprites/adventurer-air-attack1-00.png
  artifactKey: Guid(fae586e3c83c06840ba667e11c05a1b2) Importer(815301076,1909f56bfc062723c751e8b465ee728b)
Start importing Assets/Art/Adventurer/Individual Sprites/adventurer-air-attack1-00.png using Guid(fae586e3c83c06840ba667e11c05a1b2) Importer(815301076,1909f56bfc062723c751e8b465ee728b) (PreviewImporter) -> (artifact id: '9681d1d1ed9875ce2d5cfd35069713c8') in 0.0314114 seconds
Number of updated asset objects reloaded before import = 0Number of asset objects unloaded after import = 3

========================================================================
Received Import Request.
  Time since last request: 0.000027 seconds.
  path: Assets/Art/Adventurer/Individual Sprites/adventurer-cast-loop-02.png
  artifactKey: Guid(3792c748181edfd4aa238fcb456125ce) Importer(815301076,1909f56bfc062723c751e8b465ee728b)
Start importing Assets/Art/Adventurer/Individual Sprites/adventurer-cast-loop-02.png using Guid(3792c748181edfd4aa238fcb456125ce) Importer(815301076,1909f56bfc062723c751e8b465ee728b) (PreviewImporter) -> (artifact id: '157284792a1cd3a64fbe305b28d69173') in 0.0162792 seconds
Number of updated asset objects reloaded before import = 0Number of asset objects unloaded after import = 3

========================================================================
Received Import Request.
  Time since last request: 0.000029 seconds.
  path: Assets/Art/Adventurer/Individual Sprites/adventurer-slide-00.png
  artifactKey: Guid(854fbe909c4147047ae46077e0b0e839) Importer(815301076,1909f56bfc062723c751e8b465ee728b)
Start importing Assets/Art/Adventurer/Individual Sprites/adventurer-slide-00.png using Guid(854fbe909c4147047ae46077e0b0e839) Importer(815301076,1909f56bfc062723c751e8b465ee728b) (PreviewImporter) -> (artifact id: '0f669065a0290b0467a3ef3e42f3c802') in 0.031025 seconds
Number of updated asset objects reloaded before import = 0Number of asset objects unloaded after import = 3

========================================================================
Received Import Request.
  Time since last request: 0.000029 seconds.
  path: Assets/Art/Adventurer/Individual Sprites/adventurer-crouch-walk-00.png
  artifactKey: Guid(623a4f5f767704c4c8e04bc07b8e8590) Importer(815301076,1909f56bfc062723c751e8b465ee728b)
Start importing Assets/Art/Adventurer/Individual Sprites/adventurer-crouch-walk-00.png using Guid(623a4f5f767704c4c8e04bc07b8e8590) Importer(815301076,1909f56bfc062723c751e8b465ee728b) (PreviewImporter) -> (artifact id: 'e52be303c245c0b11d504256eb2ced31') in 0.0295834 seconds
Number of updated asset objects reloaded before import = 0Number of asset objects unloaded after import = 3

========================================================================
Received Import Request.
  Time since last request: 0.009786 seconds.
  path: Assets/Art/FreeKnight/Colour1/NoOutline/120x80_gifs
  artifactKey: Guid(6283b44362b975c44ac0bd0a3b419195) Importer(815301076,1909f56bfc062723c751e8b465ee728b)
Start importing Assets/Art/FreeKnight/Colour1/NoOutline/120x80_gifs using Guid(6283b44362b975c44ac0bd0a3b419195) Importer(815301076,1909f56bfc062723c751e8b465ee728b) (PreviewImporter) -> (artifact id: '12ac4c83f5bdfdc200d76ef942e687de') in 0.0009893 seconds
Number of updated asset objects reloaded before import = 0Number of asset objects unloaded after import = 0

========================================================================
Received Import Request.
  Time since last request: 0.000025 seconds.
  path: Assets/Art/FreeKnight/Colour1/NoOutline/120x80_gifs/__Attack.gif
  artifactKey: Guid(37bc826320238d5418e45af3ceee2958) Importer(815301076,1909f56bfc062723c751e8b465ee728b)
Start importing Assets/Art/FreeKnight/Colour1/NoOutline/120x80_gifs/__Attack.gif using Guid(37bc826320238d5418e45af3ceee2958) Importer(815301076,1909f56bfc062723c751e8b465ee728b) (PreviewImporter) -> (artifact id: '46c40716a2346013a9db152eadabd4ad') in 0.0269714 seconds
Number of updated asset objects reloaded before import = 0Number of asset objects unloaded after import = 2

========================================================================
Received Import Request.
  Time since last request: 0.000022 seconds.
  path: Assets/Art/FreeKnight/Colour1/NoOutline/120x80_gifs/__Run.gif
  artifactKey: Guid(769ea46ec17b29a4abdd405436d48431) Importer(815301076,1909f56bfc062723c751e8b465ee728b)
Start importing Assets/Art/FreeKnight/Colour1/NoOutline/120x80_gifs/__Run.gif using Guid(769ea46ec17b29a4abdd405436d48431) Importer(815301076,1909f56bfc062723c751e8b465ee728b) (PreviewImporter) -> (artifact id: '2d8536b0eb481921b842948d0bd1c514') in 0.026706 seconds
Number of updated asset objects reloaded before import = 0Number of asset objects unloaded after import = 2

========================================================================
Received Import Request.
  Time since last request: 0.000033 seconds.
  path: Assets/Art/FreeKnight/Colour1/NoOutline/120x80_gifs/__Death.gif
  artifactKey: Guid(dcc3ffec36be95343a270cfd74c1a501) Importer(815301076,1909f56bfc062723c751e8b465ee728b)
Start importing Assets/Art/FreeKnight/Colour1/NoOutline/120x80_gifs/__Death.gif using Guid(dcc3ffec36be95343a270cfd74c1a501) Importer(815301076,1909f56bfc062723c751e8b465ee728b) (PreviewImporter) -> (artifact id: 'd84e4ef79d20707074894d9f6fc67c3b') in 0.0252788 seconds
Number of updated asset objects reloaded before import = 0Number of asset objects unloaded after import = 2

========================================================================
Received Import Request.
  Time since last request: 0.000050 seconds.
  path: Assets/Art/FreeKnight/Colour1/NoOutline/120x80_gifs/__SlideAll.gif
  artifactKey: Guid(6bc151e38ced69c46836c4c9ca3d9a56) Importer(815301076,1909f56bfc062723c751e8b465ee728b)
Start importing Assets/Art/FreeKnight/Colour1/NoOutline/120x80_gifs/__SlideAll.gif using Guid(6bc151e38ced69c46836c4c9ca3d9a56) Importer(815301076,1909f56bfc062723c751e8b465ee728b) (PreviewImporter) -> (artifact id: '974cb521e564d7252eab0e1c767176b6') in 0.0259902 seconds
Number of updated asset objects reloaded before import = 0Number of asset objects unloaded after import = 2

========================================================================
Received Import Request.
  Time since last request: 0.000030 seconds.
  path: Assets/Art/FreeKnight/Colour1/NoOutline/120x80_gifs/__CrouchWalk.gif
  artifactKey: Guid(616254d593b7a164d8d7f7c4e0e13d10) Importer(815301076,1909f56bfc062723c751e8b465ee728b)
Start importing Assets/Art/FreeKnight/Colour1/NoOutline/120x80_gifs/__CrouchWalk.gif using Guid(616254d593b7a164d8d7f7c4e0e13d10) Importer(815301076,1909f56bfc062723c751e8b465ee728b) (PreviewImporter) -> (artifact id: 'a0599c391a92c5a5086b4e55e0fbf0c0') in 0.0289549 seconds
Number of updated asset objects reloaded before import = 0Number of asset objects unloaded after import = 2

========================================================================
Received Import Request.
  Time since last request: 0.000032 seconds.
  path: Assets/Art/FreeKnight/Colour1/NoOutline/120x80_gifs/__JumpFallInbetween.gif
  artifactKey: Guid(840e8a7808a8f9346aa0158f5260d69e) Importer(815301076,1909f56bfc062723c751e8b465ee728b)
Start importing Assets/Art/FreeKnight/Colour1/NoOutline/120x80_gifs/__JumpFallInbetween.gif using Guid(840e8a7808a8f9346aa0158f5260d69e) Importer(815301076,1909f56bfc062723c751e8b465ee728b) (PreviewImporter) -> (artifact id: '36d9ab30785cbe1e0e8ded91fc885afd') in 0.0255781 seconds
Number of updated asset objects reloaded before import = 0Number of asset objects unloaded after import = 2

========================================================================
Received Import Request.
  Time since last request: 0.000033 seconds.
  path: Assets/Art/FreeKnight/Colour1/NoOutline/120x80_gifs/__CrouchTransition.gif
  artifactKey: Guid(f7a59e13523d035488538ff14b816bd5) Importer(815301076,1909f56bfc062723c751e8b465ee728b)
Start importing Assets/Art/FreeKnight/Colour1/NoOutline/120x80_gifs/__CrouchTransition.gif using Guid(f7a59e13523d035488538ff14b816bd5) Importer(815301076,1909f56bfc062723c751e8b465ee728b) (PreviewImporter) -> (artifact id: '1d6f335e93fe8a6b4882227d19713d15') in 0.0236376 seconds
Number of updated asset objects reloaded before import = 0Number of asset objects unloaded after import = 2

========================================================================
Received Import Request.
  Time since last request: 0.000055 seconds.
  path: Assets/Art/FreeKnight/Colour1/NoOutline/120x80_gifs/__CrouchAll.gif
  artifactKey: Guid(94b3ee60f9879d546a357142ca42c7a0) Importer(815301076,1909f56bfc062723c751e8b465ee728b)
Start importing Assets/Art/FreeKnight/Colour1/NoOutline/120x80_gifs/__CrouchAll.gif using Guid(94b3ee60f9879d546a357142ca42c7a0) Importer(815301076,1909f56bfc062723c751e8b465ee728b) (PreviewImporter) -> (artifact id: '5af4539b9c14dc92aca2a1f30ff15964') in 0.0123938 seconds
Number of updated asset objects reloaded before import = 0Number of asset objects unloaded after import = 2

========================================================================
Received Import Request.
  Time since last request: 0.000024 seconds.
  path: Assets/Art/FreeKnight/Colour1/NoOutline/120x80_gifs/__TurnAround.gif
  artifactKey: Guid(eee2ff15fe6de794591dbec5214dce79) Importer(815301076,1909f56bfc062723c751e8b465ee728b)
Start importing Assets/Art/FreeKnight/Colour1/NoOutline/120x80_gifs/__TurnAround.gif using Guid(eee2ff15fe6de794591dbec5214dce79) Importer(815301076,1909f56bfc062723c751e8b465ee728b) (PreviewImporter) -> (artifact id: '4a60ef4f02dffb865044db100c7f56a8') in 0.028817 seconds
Number of updated asset objects reloaded before import = 0Number of asset objects unloaded after import = 2

========================================================================
Received Import Request.
  Time since last request: 0.000029 seconds.
  path: Assets/Art/FreeKnight/Colour1/NoOutline/120x80_gifs/__Hit.gif
  artifactKey: Guid(27c0680fe21ec974abd68c5ef66325fc) Importer(815301076,1909f56bfc062723c751e8b465ee728b)
Start importing Assets/Art/FreeKnight/Colour1/NoOutline/120x80_gifs/__Hit.gif using Guid(27c0680fe21ec974abd68c5ef66325fc) Importer(815301076,1909f56bfc062723c751e8b465ee728b) (PreviewImporter) -> (artifact id: 'c10b7afae48256f1606655bca8a8e6df') in 0.0122798 seconds
Number of updated asset objects reloaded before import = 0Number of asset objects unloaded after import = 2

========================================================================
Received Import Request.
  Time since last request: 24.130330 seconds.
  path: Assets/Art/FreeKnight/Colour1/NoOutline/120x80_PNGSheets
  artifactKey: Guid(3f58fb473d049af488ef37bc3ae29393) Importer(815301076,1909f56bfc062723c751e8b465ee728b)
Start importing Assets/Art/FreeKnight/Colour1/NoOutline/120x80_PNGSheets using Guid(3f58fb473d049af488ef37bc3ae29393) Importer(815301076,1909f56bfc062723c751e8b465ee728b) (PreviewImporter) -> (artifact id: 'd4db0eb77522b12904c053ad1e86d9ac') in 0.0014316 seconds
Number of updated asset objects reloaded before import = 0Number of asset objects unloaded after import = 0

========================================================================
Received Import Request.
  Time since last request: 1.175435 seconds.
  path: Assets/Art/FreeKnight/Colour1/NoOutline/120x80_PNGSheets/_Attack.png
  artifactKey: Guid(a6da5b230b8c9fa49817c235edb10cdd) Importer(815301076,1909f56bfc062723c751e8b465ee728b)
Start importing Assets/Art/FreeKnight/Colour1/NoOutline/120x80_PNGSheets/_Attack.png using Guid(a6da5b230b8c9fa49817c235edb10cdd) Importer(815301076,1909f56bfc062723c751e8b465ee728b) (PreviewImporter) -> (artifact id: '7664e4191a750efa4d1950e5cc6d8403') in 0.0455074 seconds
Number of updated asset objects reloaded before import = 0Number of asset objects unloaded after import = 2

========================================================================
Received Import Request.
  Time since last request: 0.000034 seconds.
  path: Assets/Art/FreeKnight/Colour1/NoOutline/120x80_PNGSheets/_WallClimb.png
  artifactKey: Guid(041fb694e09f13b47ba6e336022cc19c) Importer(815301076,1909f56bfc062723c751e8b465ee728b)
Start importing Assets/Art/FreeKnight/Colour1/NoOutline/120x80_PNGSheets/_WallClimb.png using Guid(041fb694e09f13b47ba6e336022cc19c) Importer(815301076,1909f56bfc062723c751e8b465ee728b) (PreviewImporter) -> (artifact id: 'b598001eb3cad1a2d155f9d50310da66') in 0.0446822 seconds
Number of updated asset objects reloaded before import = 0Number of asset objects unloaded after import = 2

========================================================================
Received Import Request.
  Time since last request: 0.000040 seconds.
  path: Assets/Art/FreeKnight/Colour1/NoOutline/120x80_PNGSheets/_AttackComboNoMovement.png
  artifactKey: Guid(3ee63c4fa9f53bc4a895cc6002b2960b) Importer(815301076,1909f56bfc062723c751e8b465ee728b)
Start importing Assets/Art/FreeKnight/Colour1/NoOutline/120x80_PNGSheets/_AttackComboNoMovement.png using Guid(3ee63c4fa9f53bc4a895cc6002b2960b) Importer(815301076,1909f56bfc062723c751e8b465ee728b) (PreviewImporter) -> (artifact id: '684a50edef17420710163cda51ffba0c') in 0.0246036 seconds
Number of updated asset objects reloaded before import = 0Number of asset objects unloaded after import = 2

========================================================================
Received Import Request.
  Time since last request: 0.000029 seconds.
  path: Assets/Art/FreeKnight/Colour1/NoOutline/120x80_PNGSheets/_CrouchWalk.png
  artifactKey: Guid(f7d49a136a0f12f4f8417349d5a6543f) Importer(815301076,1909f56bfc062723c751e8b465ee728b)
Start importing Assets/Art/FreeKnight/Colour1/NoOutline/120x80_PNGSheets/_CrouchWalk.png using Guid(f7d49a136a0f12f4f8417349d5a6543f) Importer(815301076,1909f56bfc062723c751e8b465ee728b) (PreviewImporter) -> (artifact id: '5bdce124f0cca85e7345c742d51969b0') in 0.0297308 seconds
Number of updated asset objects reloaded before import = 0Number of asset objects unloaded after import = 2

========================================================================
Received Import Request.
  Time since last request: 0.000024 seconds.
  path: Assets/Art/FreeKnight/Colour1/NoOutline/120x80_PNGSheets/_JumpFallInbetween.png
  artifactKey: Guid(516d291ba851ca448a3b7daf605394ab) Importer(815301076,1909f56bfc062723c751e8b465ee728b)
Start importing Assets/Art/FreeKnight/Colour1/NoOutline/120x80_PNGSheets/_JumpFallInbetween.png using Guid(516d291ba851ca448a3b7daf605394ab) Importer(815301076,1909f56bfc062723c751e8b465ee728b) (PreviewImporter) -> (artifact id: '1c5a4ba1f4166c911b965acd73d395cc') in 0.0310048 seconds
Number of updated asset objects reloaded before import = 0Number of asset objects unloaded after import = 2

========================================================================
Received Import Request.
  Time since last request: 0.000030 seconds.
  path: Assets/Art/FreeKnight/Colour1/NoOutline/120x80_PNGSheets/_Run.png
  artifactKey: Guid(7658c1b11bc7d894b88f7006d17e011e) Importer(815301076,1909f56bfc062723c751e8b465ee728b)
Start importing Assets/Art/FreeKnight/Colour1/NoOutline/120x80_PNGSheets/_Run.png using Guid(7658c1b11bc7d894b88f7006d17e011e) Importer(815301076,1909f56bfc062723c751e8b465ee728b) (PreviewImporter) -> (artifact id: 'd967d8269715f6a54019d643e730e057') in 0.0287115 seconds
Number of updated asset objects reloaded before import = 0Number of asset objects unloaded after import = 2

========================================================================
Received Import Request.
  Time since last request: 0.000051 seconds.
  path: Assets/Art/FreeKnight/Colour1/NoOutline/120x80_PNGSheets/_Hit.png
  artifactKey: Guid(92bcc73bf5994c64c919ff4ed13cbf0b) Importer(815301076,1909f56bfc062723c751e8b465ee728b)
Start importing Assets/Art/FreeKnight/Colour1/NoOutline/120x80_PNGSheets/_Hit.png using Guid(92bcc73bf5994c64c919ff4ed13cbf0b) Importer(815301076,1909f56bfc062723c751e8b465ee728b) (PreviewImporter) -> (artifact id: '0832203ef2a6719b247a3e30d2e46960') in 0.026037 seconds
Number of updated asset objects reloaded before import = 0Number of asset objects unloaded after import = 2

========================================================================
Received Import Request.
  Time since last request: 0.000035 seconds.
  path: Assets/Art/FreeKnight/Colour1/NoOutline/120x80_PNGSheets/_DeathNoMovement.png
  artifactKey: Guid(11b5809ff10985e4e94ac4fe3fc8e7ae) Importer(815301076,1909f56bfc062723c751e8b465ee728b)
Start importing Assets/Art/FreeKnight/Colour1/NoOutline/120x80_PNGSheets/_DeathNoMovement.png using Guid(11b5809ff10985e4e94ac4fe3fc8e7ae) Importer(815301076,1909f56bfc062723c751e8b465ee728b) (PreviewImporter) -> (artifact id: 'c5aeb0973ac5cb479c1571d805b2b946') in 0.0256124 seconds
Number of updated asset objects reloaded before import = 0Number of asset objects unloaded after import = 2

========================================================================
Received Import Request.
  Time since last request: 3.168122 seconds.
  path: Assets/Art/Kyrise's 16x16 RPG Icon Pack - V1.3/sample.png
  artifactKey: Guid(6f28d6df4db9d5546ad8db238eeb5660) Importer(815301076,1909f56bfc062723c751e8b465ee728b)
Start importing Assets/Art/Kyrise's 16x16 RPG Icon Pack - V1.3/sample.png using Guid(6f28d6df4db9d5546ad8db238eeb5660) Importer(815301076,1909f56bfc062723c751e8b465ee728b) (PreviewImporter) -> (artifact id: 'fa3818a9a44d6e3b8ae9a0d7969a947c') in 0.03066 seconds
Number of updated asset objects reloaded before import = 0Number of asset objects unloaded after import = 2

========================================================================
Received Import Request.
  Time since last request: 16.424226 seconds.
  path: Assets/Art/FreePixelFood
  artifactKey: Guid(d2b0ace385dc6004f8acb2a58dfe5fb6) Importer(815301076,1909f56bfc062723c751e8b465ee728b)
Start importing Assets/Art/FreePixelFood using Guid(d2b0ace385dc6004f8acb2a58dfe5fb6) Importer(815301076,1909f56bfc062723c751e8b465ee728b) (PreviewImporter) -> (artifact id: 'fa3e943ae73ad76fa5ad264da0f90858') in 0.0010148 seconds
Number of updated asset objects reloaded before import = 0Number of asset objects unloaded after import = 0

========================================================================
Received Import Request.
  Time since last request: 0.746023 seconds.
  path: Assets/Art/FreeCuteTileset
  artifactKey: Guid(60e92a147062f9c4ca3de667cc001678) Importer(815301076,1909f56bfc062723c751e8b465ee728b)
Start importing Assets/Art/FreeCuteTileset using Guid(60e92a147062f9c4ca3de667cc001678) Importer(815301076,1909f56bfc062723c751e8b465ee728b) (PreviewImporter) -> (artifact id: '3d3fef6c3ee688b36a50ca9183fdf504') in 0.0015773 seconds
Number of updated asset objects reloaded before import = 0Number of asset objects unloaded after import = 0

========================================================================
Received Import Request.
  Time since last request: 123.800462 seconds.
  path: Assets/4643307b-bde5-4159-a0d9-e0f9323e2d4a.png
  artifactKey: Guid(7d967557e4459bb48b3f01dc151a21df) Importer(815301076,1909f56bfc062723c751e8b465ee728b)
Start importing Assets/4643307b-bde5-4159-a0d9-e0f9323e2d4a.png using Guid(7d967557e4459bb48b3f01dc151a21df) Importer(815301076,1909f56bfc062723c751e8b465ee728b) (PreviewImporter) -> (artifact id: '7dbc8b411afbc5d510cb39d81b4e700d') in 0.052239 seconds
Number of updated asset objects reloaded before import = 0Number of asset objects unloaded after import = 3

========================================================================
Received Import Request.
  Time since last request: 0.000026 seconds.
  path: ProjectSettings/TagManager.asset
  artifactKey: Guid(00000000000000003000000000000000) Importer(815301076,1909f56bfc062723c751e8b465ee728b)
Start importing ProjectSettings/TagManager.asset using Guid(00000000000000003000000000000000) Importer(815301076,1909f56bfc062723c751e8b465ee728b) (PreviewImporter) -> (artifact id: '77f9dd6f28fd7527787506f1412fa193') in 0.0020175 seconds
Number of updated asset objects reloaded before import = 0Number of asset objects unloaded after import = 0

========================================================================
Received Import Request.
  Time since last request: 0.000026 seconds.
  path: Assets/UniversalRenderPipelineGlobalSettings.asset
  artifactKey: Guid(93b439a37f63240aca3dd4e01d978a9f) Importer(815301076,1909f56bfc062723c751e8b465ee728b)
Start importing Assets/UniversalRenderPipelineGlobalSettings.asset using Guid(93b439a37f63240aca3dd4e01d978a9f) Importer(815301076,1909f56bfc062723c751e8b465ee728b) (PreviewImporter) -> (artifact id: '4f0d5d03d74b77308212ec6793698abc') in 0.0023485 seconds
Number of updated asset objects reloaded before import = 0Number of asset objects unloaded after import = 0

